<?xml version="1.0" encoding="UTF-8"?>
<testsuite name="edu.luc.etl.cs313.android.simpletimer.test.model.alarm.Test" tests="2" skipped="0" failures="0" errors="0" timestamp="2020-04-23T04:23:50" hostname="DESKTOP-7PQN14P" time="0.004">
  <properties/>
  <testcase name="testStopAlarm" classname="edu.luc.etl.cs313.android.simpletimer.test.model.alarm.Test" time="0.003"/>
  <testcase name="testPlayAlarm" classname="edu.luc.etl.cs313.android.simpletimer.test.model.alarm.Test" time="0.001"/>
  <system-out><![CDATA[]]></system-out>
  <system-err><![CDATA[]]></system-err>
</testsuite>
